<?xml version="1.0" encoding="UTF-8"?>
<!-- Generated by org.testng.reporters.JUnitXMLReporter -->
<testsuite ignored="2" name="Default test" tests="1" failures="0" timestamp="23 Apr 2018 10:05:47 GMT" time="400.501" errors="0">
  <testcase name="getPlayerStats" time="365.363" classname="com.d11.test.GetPlayerStats"/>
  <testcase name="getAR" time="0.0" classname="com.d11.test.GetPlayerStats">
    <ignored/>
  </testcase> <!-- getAR -->
  <testcase name="getLiveResults" time="0.0" classname="com.d11.test.GetPlayerStats">
    <ignored/>
  </testcase> <!-- getLiveResults -->
</testsuite> <!-- Default test -->
