<?xml version="1.0" encoding="UTF-8"?>
<!-- Generated by org.testng.reporters.JUnitXMLReporter -->
<testsuite ignored="5" name="Web" tests="1" failures="0" timestamp="05 May 2018 18:28:10 GMT" time="865.42" errors="0">
  <testcase name="getD11PlayerStats" time="847.915" classname="com.d11.test.GetPlayerStats"/>
  <testcase name="getD11MoneyStats" time="0.0" classname="com.d11.test.GetPlayerStats">
    <ignored/>
  </testcase> <!-- getD11MoneyStats -->
  <testcase name="getD11LiveStats" time="0.0" classname="com.d11.test.GetPlayerStats">
    <ignored/>
  </testcase> <!-- getD11LiveStats -->
  <testcase name="getD11JoinedStats" time="0.0" classname="com.d11.test.GetPlayerStats">
    <ignored/>
  </testcase> <!-- getD11JoinedStats -->
  <testcase name="getIPLMostStats" time="0.0" classname="com.d11.test.GetPlayerStats">
    <ignored/>
  </testcase> <!-- getIPLMostStats -->
  <testcase name="getIPLMatchesStats" time="0.0" classname="com.d11.test.GetPlayerStats">
    <ignored/>
  </testcase> <!-- getIPLMatchesStats -->
</testsuite> <!-- Web -->
